c:\dev\opengl-sandbox\opengl-sandbox\x64\debug\vc143.pdb
c:\dev\opengl-sandbox\opengl-sandbox\x64\debug\vc143.idb
c:\dev\opengl-sandbox\opengl-sandbox\x64\debug\simdjson.obj
c:\dev\opengl-sandbox\opengl-sandbox\x64\debug\clusterizer.obj
c:\dev\opengl-sandbox\opengl-sandbox\x64\debug\imgui_widgets.obj
c:\dev\opengl-sandbox\opengl-sandbox\x64\debug\imgui_tables.obj
c:\dev\opengl-sandbox\opengl-sandbox\x64\debug\imgui_impl_sdl2.obj
c:\dev\opengl-sandbox\opengl-sandbox\x64\debug\imgui_impl_opengl3.obj
c:\dev\opengl-sandbox\opengl-sandbox\x64\debug\imgui_draw.obj
c:\dev\opengl-sandbox\opengl-sandbox\x64\debug\imgui_demo.obj
c:\dev\opengl-sandbox\opengl-sandbox\x64\debug\imgui.obj
c:\dev\opengl-sandbox\opengl-sandbox\x64\debug\io.obj
c:\dev\opengl-sandbox\opengl-sandbox\x64\debug\fastgltf.obj
c:\dev\opengl-sandbox\opengl-sandbox\x64\debug\base64.obj
c:\dev\opengl-sandbox\opengl-sandbox\x64\debug\model.obj
c:\dev\opengl-sandbox\opengl-sandbox\x64\debug\main.obj
c:\dev\opengl-sandbox\opengl-sandbox\x64\debug\camera.obj
c:\dev\opengl-sandbox\opengl-sandbox\x64\debug\glad.obj
c:\dev\opengl-sandbox\x64\debug\opengl-sandbox.exe
c:\dev\opengl-sandbox\x64\debug\opengl-sandbox.pdb
c:\dev\opengl-sandbox\opengl-sandbox\x64\debug\opengl-sandbox.ilk
c:\dev\opengl-sandbox\x64\debug\opengl-sandbox.ilk
c:\dev\opengl-sandbox\opengl-sandbox\x64\debug\opengl-sandbox.tlog\cl.command.1.tlog
c:\dev\opengl-sandbox\opengl-sandbox\x64\debug\opengl-sandbox.tlog\cl.items.tlog
c:\dev\opengl-sandbox\opengl-sandbox\x64\debug\opengl-sandbox.tlog\cl.read.1.tlog
c:\dev\opengl-sandbox\opengl-sandbox\x64\debug\opengl-sandbox.tlog\cl.write.1.tlog
c:\dev\opengl-sandbox\opengl-sandbox\x64\debug\opengl-sandbox.tlog\link.command.1.tlog
c:\dev\opengl-sandbox\opengl-sandbox\x64\debug\opengl-sandbox.tlog\link.read.1.tlog
c:\dev\opengl-sandbox\opengl-sandbox\x64\debug\opengl-sandbox.tlog\link.secondary.1.tlog
c:\dev\opengl-sandbox\opengl-sandbox\x64\debug\opengl-sandbox.tlog\link.write.1.tlog
